TN:
SF:src/EigenMatchHook.sol
DA:154,29
FN:154,EigenMatchHook.constructor
FNDA:29,EigenMatchHook.constructor
DA:158,29
BRDA:158,0,0,-
DA:159,29
DA:168,29
FN:168,EigenMatchHook.getHookPermissions
FNDA:29,EigenMatchHook.getHookPermissions
DA:169,29
DA:193,10
FN:193,EigenMatchHook._beforeSwap
FNDA:10,EigenMatchHook._beforeSwap
DA:198,10
DA:201,1
BRDA:201,1,0,1
DA:204,9
DA:205,9
BRDA:205,2,0,1
DA:206,1
DA:209,8
DA:210,8
BRDA:210,3,0,1
DA:212,1
DA:215,7
BRDA:215,4,0,1
DA:216,1
DA:217,1
DA:220,6
DA:222,6
DA:234,26
FN:234,EigenMatchHook.processSettlementBundle
FNDA:26,EigenMatchHook.processSettlementBundle
DA:239,26
BRDA:239,5,0,1
DA:242,1
BRDA:242,6,0,1
DA:245,24
DA:246,24
BRDA:246,7,0,1
DA:249,23
DA:250,1
BRDA:250,8,0,1
DA:253,22
BRDA:253,9,0,2
DA:256,20
BRDA:256,10,0,1
DA:257,1
DA:260,19
BRDA:260,11,0,1
DA:263,18
DA:264,18
DA:266,18
DA:267,18
DA:269,18
DA:270,19
DA:271,19
DA:273,15
DA:274,15
DA:277,14
DA:286,32
FN:286,EigenMatchHook.enablePool
FNDA:32,EigenMatchHook.enablePool
DA:287,32
DA:291,2
FN:291,EigenMatchHook.setSettlementExecutor
FNDA:2,EigenMatchHook.setSettlementExecutor
DA:292,2
BRDA:292,12,0,1
DA:293,1
DA:298,3
FN:298,EigenMatchHook.setPoolPaused
FNDA:3,EigenMatchHook.setPoolPaused
DA:299,3
DA:300,3
DA:308,19
FN:308,EigenMatchHook.getPoolConfig
FNDA:19,EigenMatchHook.getPoolConfig
DA:309,19
DA:310,19
DA:311,19
DA:312,19
DA:316,5
FN:316,EigenMatchHook.getFeeLedger
FNDA:5,EigenMatchHook.getFeeLedger
DA:317,5
DA:321,2
FN:321,EigenMatchHook.isBundleProcessed
FNDA:2,EigenMatchHook.isBundleProcessed
DA:322,2
DA:326,2
FN:326,EigenMatchHook.getPendingSettlement
FNDA:2,EigenMatchHook.getPendingSettlement
DA:327,2
DA:334,19
FN:334,EigenMatchHook._queueSettlement
FNDA:19,EigenMatchHook._queueSettlement
DA:335,19
BRDA:335,13,0,1
DA:336,18
BRDA:336,14,0,1
DA:338,17
DA:339,15
DA:341,15
DA:342,15
DA:343,15
DA:344,15
DA:345,15
DA:347,15
DA:350,32
FN:350,EigenMatchHook._setPoolConfig
FNDA:32,EigenMatchHook._setPoolConfig
DA:351,32
BRDA:351,15,0,1
DA:353,31
DA:354,31
DA:355,31
DA:357,31
DA:358,31
DA:359,34
DA:363,22
FN:363,EigenMatchHook._isAllowedDigest
FNDA:22,EigenMatchHook._isAllowedDigest
DA:364,22
DA:365,21
DA:366,24
DA:368,1
DA:371,21
FN:371,EigenMatchHook._absInt128
FNDA:21,EigenMatchHook._absInt128
DA:372,21
DA:375,47
FN:375,EigenMatchHook._toInt128
FNDA:47,EigenMatchHook._toInt128
DA:376,47
BRDA:376,18,0,2
DA:377,45
DA:380,6
FN:380,EigenMatchHook._finalizeSettlement
FNDA:6,EigenMatchHook._finalizeSettlement
DA:385,6
DA:386,6
DA:388,6
DA:389,6
DA:390,6
DA:392,6
DA:393,6
DA:394,6
DA:395,6
DA:397,6
FNF:17
FNH:17
LF:99
LH:99
BRF:17
BRH:16
end_of_record
TN:
SF:test/EigenMatchHook.t.sol
DA:19,10
FN:19,EigenMatchHookHarness.invokeBeforeSwap
FNDA:10,EigenMatchHookHarness.invokeBeforeSwap
DA:25,10
DA:26,8
FNF:1
FNH:1
LF:3
LH:3
BRF:0
BRH:0
end_of_record
